INFO:root:Starting monitor...
INFO:root:Starting monitor...
INFO:root:OPEN event : /data/mongodb  2014-06-13 09:30:17.256897
INFO:root:CLOSE_NOWRITE event : /data/mongodb  2014-06-13 09:30:17.258363
INFO:root:OPEN event : /data/  2014-06-13 09:30:42.902488
INFO:root:CLOSE_NOWRITE event : /data/  2014-06-13 09:30:42.908067
INFO:root:OPEN event : /data/  2014-06-13 09:30:46.588095
INFO:root:CLOSE_NOWRITE event : /data/  2014-06-13 09:30:46.589451
INFO:root:CREATE event : /data/test.txt  2014-06-13 09:30:55.938533
INFO:root:OPEN event : /data/test.txt  2014-06-13 09:30:55.939255
INFO:root:IN_ATTRIB event : /data/test.txt  2014-06-13 09:30:55.942165
INFO:root:CLOSE_WRITE event : /data/test.txt  2014-06-13 09:30:55.946514
INFO:root:OPEN event : /data/  2014-06-13 09:31:11.240129
INFO:root:CLOSE_NOWRITE event : /data/  2014-06-13 09:31:11.244765
INFO:root:DELETE event : /data/test.txt  2014-06-13 09:31:16.966181
INFO:root:OPEN event : /data/  2014-06-13 09:31:18.276071
INFO:root:CLOSE_NOWRITE event : /data/  2014-06-13 09:31:18.278454
INFO:root:Starting monitor...
INFO:root:CREATE event : /root/testdir/adjtime  2014-06-13 09:32:22.088704
INFO:root:OPEN event : /root/testdir/adjtime  2014-06-13 09:32:22.093997
INFO:root:MODIFY event : /root/testdir/adjtime  2014-06-13 09:32:22.094236
INFO:root:CLOSE_WRITE event : /root/testdir/adjtime  2014-06-13 09:32:22.095281
INFO:root:CREATE event : /root/testdir/aliases  2014-06-13 09:32:22.095461
INFO:root:OPEN event : /root/testdir/aliases  2014-06-13 09:32:22.096389
INFO:root:MODIFY event : /root/testdir/aliases  2014-06-13 09:32:22.105427
INFO:root:CLOSE_WRITE event : /root/testdir/aliases  2014-06-13 09:32:22.105842
INFO:root:CREATE event : /root/testdir/bashrc  2014-06-13 09:32:22.105948
INFO:root:OPEN event : /root/testdir/bashrc  2014-06-13 09:32:22.106052
INFO:root:MODIFY event : /root/testdir/bashrc  2014-06-13 09:32:22.106169
INFO:root:CLOSE_WRITE event : /root/testdir/bashrc  2014-06-13 09:32:22.106269
INFO:root:CREATE event : /root/testdir/centos-release  2014-06-13 09:32:22.106365
INFO:root:OPEN event : /root/testdir/centos-release  2014-06-13 09:32:22.106888
INFO:root:MODIFY event : /root/testdir/centos-release  2014-06-13 09:32:22.107448
INFO:root:CLOSE_WRITE event : /root/testdir/centos-release  2014-06-13 09:32:22.107848
INFO:root:CREATE event : /root/testdir/cgconfig.conf  2014-06-13 09:32:22.107950
INFO:root:OPEN event : /root/testdir/cgconfig.conf  2014-06-13 09:32:22.108065
INFO:root:MODIFY event : /root/testdir/cgconfig.conf  2014-06-13 09:32:22.113523
INFO:root:CLOSE_WRITE event : /root/testdir/cgconfig.conf  2014-06-13 09:32:22.115374
INFO:root:CREATE event : /root/testdir/cgrules.conf  2014-06-13 09:32:22.116098
INFO:root:OPEN event : /root/testdir/cgrules.conf  2014-06-13 09:32:22.116206
INFO:root:MODIFY event : /root/testdir/cgrules.conf  2014-06-13 09:32:22.117424
INFO:root:CLOSE_WRITE event : /root/testdir/cgrules.conf  2014-06-13 09:32:22.117863
INFO:root:CREATE event : /root/testdir/cgsnapshot_blacklist.conf  2014-06-13 09:32:22.117990
INFO:root:OPEN event : /root/testdir/cgsnapshot_blacklist.conf  2014-06-13 09:32:22.118111
INFO:root:MODIFY event : /root/testdir/cgsnapshot_blacklist.conf  2014-06-13 09:32:22.118213
INFO:root:CLOSE_WRITE event : /root/testdir/cgsnapshot_blacklist.conf  2014-06-13 09:32:22.118342
INFO:root:CREATE event : /root/testdir/crypttab  2014-06-13 09:32:22.118425
INFO:root:OPEN event : /root/testdir/crypttab  2014-06-13 09:32:22.118812
INFO:root:CLOSE_WRITE event : /root/testdir/crypttab  2014-06-13 09:32:22.118911
INFO:root:CREATE event : /root/testdir/csh.cshrc  2014-06-13 09:32:22.119005
INFO:root:OPEN event : /root/testdir/csh.cshrc  2014-06-13 09:32:22.119100
INFO:root:MODIFY event : /root/testdir/csh.cshrc  2014-06-13 09:32:22.119194
INFO:root:CLOSE_WRITE event : /root/testdir/csh.cshrc  2014-06-13 09:32:22.119300
INFO:root:CREATE event : /root/testdir/csh.login  2014-06-13 09:32:22.119393
INFO:root:OPEN event : /root/testdir/csh.login  2014-06-13 09:32:22.119828
INFO:root:MODIFY event : /root/testdir/csh.login  2014-06-13 09:32:22.119926
INFO:root:CLOSE_WRITE event : /root/testdir/csh.login  2014-06-13 09:32:22.120032
INFO:root:CREATE event : /root/testdir/DIR_COLORS  2014-06-13 09:32:22.120125
INFO:root:OPEN event : /root/testdir/DIR_COLORS  2014-06-13 09:32:22.120219
INFO:root:MODIFY event : /root/testdir/DIR_COLORS  2014-06-13 09:32:22.120324
INFO:root:CLOSE_WRITE event : /root/testdir/DIR_COLORS  2014-06-13 09:32:22.120424
INFO:root:CREATE event : /root/testdir/DIR_COLORS.256color  2014-06-13 09:32:22.120804
INFO:root:OPEN event : /root/testdir/DIR_COLORS.256color  2014-06-13 09:32:22.120901
INFO:root:MODIFY event : /root/testdir/DIR_COLORS.256color  2014-06-13 09:32:22.123783
INFO:root:CLOSE_WRITE event : /root/testdir/DIR_COLORS.256color  2014-06-13 09:32:22.123964
INFO:root:CREATE event : /root/testdir/DIR_COLORS.lightbgcolor  2014-06-13 09:32:22.124115
INFO:root:OPEN event : /root/testdir/DIR_COLORS.lightbgcolor  2014-06-13 09:32:22.124263
INFO:root:MODIFY event : /root/testdir/DIR_COLORS.lightbgcolor  2014-06-13 09:32:22.125114
INFO:root:CLOSE_WRITE event : /root/testdir/DIR_COLORS.lightbgcolor  2014-06-13 09:32:22.125242
INFO:root:CREATE event : /root/testdir/dracut.conf  2014-06-13 09:32:22.125379
INFO:root:OPEN event : /root/testdir/dracut.conf  2014-06-13 09:32:22.125883
INFO:root:MODIFY event : /root/testdir/dracut.conf  2014-06-13 09:32:22.134629
INFO:root:CLOSE_WRITE event : /root/testdir/dracut.conf  2014-06-13 09:32:22.134785
INFO:root:CREATE event : /root/testdir/environment  2014-06-13 09:32:22.134897
INFO:root:OPEN event : /root/testdir/environment  2014-06-13 09:32:22.134997
INFO:root:CLOSE_WRITE event : /root/testdir/environment  2014-06-13 09:32:22.135094
INFO:root:CREATE event : /root/testdir/ethers  2014-06-13 09:32:22.135187
INFO:root:OPEN event : /root/testdir/ethers  2014-06-13 09:32:22.135281
INFO:root:MODIFY event : /root/testdir/ethers  2014-06-13 09:32:22.135374
INFO:root:CLOSE_WRITE event : /root/testdir/ethers  2014-06-13 09:32:22.136016
INFO:root:CREATE event : /root/testdir/exports  2014-06-13 09:32:22.136117
INFO:root:OPEN event : /root/testdir/exports  2014-06-13 09:32:22.136212
INFO:root:CLOSE_WRITE event : /root/testdir/exports  2014-06-13 09:32:22.136304
INFO:root:CREATE event : /root/testdir/favicon.png  2014-06-13 09:32:22.136427
INFO:root:OPEN event : /root/testdir/favicon.png  2014-06-13 09:32:22.136808
INFO:root:MODIFY event : /root/testdir/favicon.png  2014-06-13 09:32:22.146112
INFO:root:CLOSE_WRITE event : /root/testdir/favicon.png  2014-06-13 09:32:22.146272
INFO:root:CREATE event : /root/testdir/filesystems  2014-06-13 09:32:22.146376
INFO:root:OPEN event : /root/testdir/filesystems  2014-06-13 09:32:22.146834
INFO:root:MODIFY event : /root/testdir/filesystems  2014-06-13 09:32:22.148267
INFO:root:CLOSE_WRITE event : /root/testdir/filesystems  2014-06-13 09:32:22.148610
INFO:root:CREATE event : /root/testdir/fstab  2014-06-13 09:32:22.148712
INFO:root:OPEN event : /root/testdir/fstab  2014-06-13 09:32:22.148809
INFO:root:MODIFY event : /root/testdir/fstab  2014-06-13 09:32:22.148903
INFO:root:CLOSE_WRITE event : /root/testdir/fstab  2014-06-13 09:32:22.148996
INFO:root:CREATE event : /root/testdir/gai.conf  2014-06-13 09:32:22.149124
INFO:root:OPEN event : /root/testdir/gai.conf  2014-06-13 09:32:22.149217
INFO:root:CLOSE_WRITE event : /root/testdir/gai.conf  2014-06-13 09:32:22.149308
INFO:root:CREATE event : /root/testdir/group  2014-06-13 09:32:22.149424
INFO:root:OPEN event : /root/testdir/group  2014-06-13 09:32:22.149807
INFO:root:MODIFY event : /root/testdir/group  2014-06-13 09:32:22.151225
INFO:root:CLOSE_WRITE event : /root/testdir/group  2014-06-13 09:32:22.152868
INFO:root:CREATE event : /root/testdir/group-  2014-06-13 09:32:22.152984
INFO:root:OPEN event : /root/testdir/group-  2014-06-13 09:32:22.153100
INFO:root:MODIFY event : /root/testdir/group-  2014-06-13 09:32:22.153200
INFO:root:CLOSE_WRITE event : /root/testdir/group-  2014-06-13 09:32:22.153363
INFO:root:CREATE event : /root/testdir/grub.conf  2014-06-13 09:32:22.153434
INFO:root:OPEN event : /root/testdir/grub.conf  2014-06-13 09:32:22.153992
INFO:root:MODIFY event : /root/testdir/grub.conf  2014-06-13 09:32:22.156976
INFO:root:CLOSE_WRITE event : /root/testdir/grub.conf  2014-06-13 09:32:22.157140
INFO:root:CREATE event : /root/testdir/gshadow  2014-06-13 09:32:22.157283
INFO:root:OPEN event : /root/testdir/gshadow  2014-06-13 09:32:22.157431
INFO:root:MODIFY event : /root/testdir/gshadow  2014-06-13 09:32:22.157960
INFO:root:CLOSE_WRITE event : /root/testdir/gshadow  2014-06-13 09:32:22.158055
INFO:root:CREATE event : /root/testdir/gshadow-  2014-06-13 09:32:22.158145
INFO:root:OPEN event : /root/testdir/gshadow-  2014-06-13 09:32:22.158260
INFO:root:MODIFY event : /root/testdir/gshadow-  2014-06-13 09:32:22.158354
INFO:root:CLOSE_WRITE event : /root/testdir/gshadow-  2014-06-13 09:32:22.158428
INFO:root:CREATE event : /root/testdir/gssapi_mech.conf  2014-06-13 09:32:22.158794
INFO:root:OPEN event : /root/testdir/gssapi_mech.conf  2014-06-13 09:32:22.158889
INFO:root:MODIFY event : /root/testdir/gssapi_mech.conf  2014-06-13 09:32:22.158980
INFO:root:CLOSE_WRITE event : /root/testdir/gssapi_mech.conf  2014-06-13 09:32:22.159072
INFO:root:CREATE event : /root/testdir/hba.conf  2014-06-13 09:32:22.159172
INFO:root:OPEN event : /root/testdir/hba.conf  2014-06-13 09:32:22.159263
INFO:root:MODIFY event : /root/testdir/hba.conf  2014-06-13 09:32:22.159352
INFO:root:CLOSE_WRITE event : /root/testdir/hba.conf  2014-06-13 09:32:22.160084
INFO:root:CREATE event : /root/testdir/host.conf  2014-06-13 09:32:22.160524
INFO:root:OPEN event : /root/testdir/host.conf  2014-06-13 09:32:22.160619
INFO:root:MODIFY event : /root/testdir/host.conf  2014-06-13 09:32:22.160710
INFO:root:CLOSE_WRITE event : /root/testdir/host.conf  2014-06-13 09:32:22.160812
INFO:root:CREATE event : /root/testdir/hosts  2014-06-13 09:32:22.160901
INFO:root:OPEN event : /root/testdir/hosts  2014-06-13 09:32:22.160991
INFO:root:MODIFY event : /root/testdir/hosts  2014-06-13 09:32:22.161080
INFO:root:CLOSE_WRITE event : /root/testdir/hosts  2014-06-13 09:32:22.161169
INFO:root:CREATE event : /root/testdir/hosts.allow  2014-06-13 09:32:22.161257
INFO:root:OPEN event : /root/testdir/hosts.allow  2014-06-13 09:32:22.161358
INFO:root:MODIFY event : /root/testdir/hosts.allow  2014-06-13 09:32:22.161422
INFO:root:CLOSE_WRITE event : /root/testdir/hosts.allow  2014-06-13 09:32:22.161798
INFO:root:CREATE event : /root/testdir/hosts.deny  2014-06-13 09:32:22.161887
INFO:root:OPEN event : /root/testdir/hosts.deny  2014-06-13 09:32:22.161977
INFO:root:MODIFY event : /root/testdir/hosts.deny  2014-06-13 09:32:22.162066
INFO:root:CLOSE_WRITE event : /root/testdir/hosts.deny  2014-06-13 09:32:22.162156
INFO:root:CREATE event : /root/testdir/idmapd.conf  2014-06-13 09:32:22.162254
INFO:root:OPEN event : /root/testdir/idmapd.conf  2014-06-13 09:32:22.162344
INFO:root:MODIFY event : /root/testdir/idmapd.conf  2014-06-13 09:32:22.162424
INFO:root:CLOSE_WRITE event : /root/testdir/idmapd.conf  2014-06-13 09:32:22.166261
INFO:root:CREATE event : /root/testdir/inittab  2014-06-13 09:32:22.169343
INFO:root:OPEN event : /root/testdir/inittab  2014-06-13 09:32:22.169835
INFO:root:MODIFY event : /root/testdir/inittab  2014-06-13 09:32:22.170157
INFO:root:CLOSE_WRITE event : /root/testdir/inittab  2014-06-13 09:32:22.170424
INFO:root:CREATE event : /root/testdir/inputrc  2014-06-13 09:32:22.171862
INFO:root:OPEN event : /root/testdir/inputrc  2014-06-13 09:32:22.173782
INFO:root:MODIFY event : /root/testdir/inputrc  2014-06-13 09:32:22.173904
INFO:root:CLOSE_WRITE event : /root/testdir/inputrc  2014-06-13 09:32:22.174006
INFO:root:CREATE event : /root/testdir/issue  2014-06-13 09:32:22.174120
INFO:root:OPEN event : /root/testdir/issue  2014-06-13 09:32:22.174215
INFO:root:MODIFY event : /root/testdir/issue  2014-06-13 09:32:22.174309
INFO:root:CLOSE_WRITE event : /root/testdir/issue  2014-06-13 09:32:22.174423
INFO:root:CREATE event : /root/testdir/issue.net  2014-06-13 09:32:22.176289
INFO:root:OPEN event : /root/testdir/issue.net  2014-06-13 09:32:22.176988
INFO:root:MODIFY event : /root/testdir/issue.net  2014-06-13 09:32:22.182058
INFO:root:CLOSE_WRITE event : /root/testdir/issue.net  2014-06-13 09:32:22.182258
INFO:root:CREATE event : /root/testdir/krb5.conf  2014-06-13 09:32:22.182455
INFO:root:OPEN event : /root/testdir/krb5.conf  2014-06-13 09:32:22.182987
INFO:root:MODIFY event : /root/testdir/krb5.conf  2014-06-13 09:32:22.183099
INFO:root:CLOSE_WRITE event : /root/testdir/krb5.conf  2014-06-13 09:32:22.183194
INFO:root:CREATE event : /root/testdir/ld.so.cache  2014-06-13 09:32:22.183284
INFO:root:OPEN event : /root/testdir/ld.so.cache  2014-06-13 09:32:22.183430
INFO:root:MODIFY event : /root/testdir/ld.so.cache  2014-06-13 09:32:22.183948
INFO:root:CLOSE_WRITE event : /root/testdir/ld.so.cache  2014-06-13 09:32:22.184100
INFO:root:CREATE event : /root/testdir/ld.so.conf  2014-06-13 09:32:22.184198
INFO:root:OPEN event : /root/testdir/ld.so.conf  2014-06-13 09:32:22.184292
INFO:root:MODIFY event : /root/testdir/ld.so.conf  2014-06-13 09:32:22.184430
INFO:root:CLOSE_WRITE event : /root/testdir/ld.so.conf  2014-06-13 09:32:22.190860
INFO:root:CREATE event : /root/testdir/libaudit.conf  2014-06-13 09:32:22.191002
INFO:root:OPEN event : /root/testdir/libaudit.conf  2014-06-13 09:32:22.191106
INFO:root:MODIFY event : /root/testdir/libaudit.conf  2014-06-13 09:32:22.191206
INFO:root:CLOSE_WRITE event : /root/testdir/libaudit.conf  2014-06-13 09:32:22.191303
INFO:root:CREATE event : /root/testdir/libuser.conf  2014-06-13 09:32:22.191427
INFO:root:OPEN event : /root/testdir/libuser.conf  2014-06-13 09:32:22.193021
INFO:root:MODIFY event : /root/testdir/libuser.conf  2014-06-13 09:32:22.194486
INFO:root:CLOSE_WRITE event : /root/testdir/libuser.conf  2014-06-13 09:32:22.194600
INFO:root:CREATE event : /root/testdir/localtime  2014-06-13 09:32:22.194718
INFO:root:OPEN event : /root/testdir/localtime  2014-06-13 09:32:22.194821
INFO:root:MODIFY event : /root/testdir/localtime  2014-06-13 09:32:22.194937
INFO:root:CLOSE_WRITE event : /root/testdir/localtime  2014-06-13 09:32:22.195033
INFO:root:CREATE event : /root/testdir/login.defs  2014-06-13 09:32:22.195125
INFO:root:OPEN event : /root/testdir/login.defs  2014-06-13 09:32:22.195231
INFO:root:MODIFY event : /root/testdir/login.defs  2014-06-13 09:32:22.195324
INFO:root:CLOSE_WRITE event : /root/testdir/login.defs  2014-06-13 09:32:22.195424
INFO:root:CREATE event : /root/testdir/logrotate.conf  2014-06-13 09:32:22.198199
INFO:root:OPEN event : /root/testdir/logrotate.conf  2014-06-13 09:32:22.198374
INFO:root:MODIFY event : /root/testdir/logrotate.conf  2014-06-13 09:32:22.201108
INFO:root:CLOSE_WRITE event : /root/testdir/logrotate.conf  2014-06-13 09:32:22.201258
INFO:root:CREATE event : /root/testdir/magic  2014-06-13 09:32:22.201362
INFO:root:OPEN event : /root/testdir/magic  2014-06-13 09:32:22.201827
INFO:root:MODIFY event : /root/testdir/magic  2014-06-13 09:32:22.202049
INFO:root:CLOSE_WRITE event : /root/testdir/magic  2014-06-13 09:32:22.202146
INFO:root:CREATE event : /root/testdir/mke2fs.conf  2014-06-13 09:32:22.202238
INFO:root:OPEN event : /root/testdir/mke2fs.conf  2014-06-13 09:32:22.202330
INFO:root:MODIFY event : /root/testdir/mke2fs.conf  2014-06-13 09:32:22.202434
INFO:root:CLOSE_WRITE event : /root/testdir/mke2fs.conf  2014-06-13 09:32:22.202831
INFO:root:CREATE event : /root/testdir/mongod.conf  2014-06-13 09:32:22.202939
INFO:root:OPEN event : /root/testdir/mongod.conf  2014-06-13 09:32:22.203034
INFO:root:MODIFY event : /root/testdir/mongod.conf  2014-06-13 09:32:22.203124
INFO:root:CLOSE_WRITE event : /root/testdir/mongod.conf  2014-06-13 09:32:22.203216
INFO:root:CREATE event : /root/testdir/motd  2014-06-13 09:32:22.203305
INFO:root:OPEN event : /root/testdir/motd  2014-06-13 09:32:22.203425
INFO:root:CLOSE_WRITE event : /root/testdir/motd  2014-06-13 09:32:22.203792
INFO:root:CREATE event : /root/testdir/mtab  2014-06-13 09:32:22.203907
INFO:root:OPEN event : /root/testdir/mtab  2014-06-13 09:32:22.204001
INFO:root:MODIFY event : /root/testdir/mtab  2014-06-13 09:32:22.204093
INFO:root:CLOSE_WRITE event : /root/testdir/mtab  2014-06-13 09:32:22.204184
INFO:root:CREATE event : /root/testdir/my.cnf  2014-06-13 09:32:22.204284
INFO:root:OPEN event : /root/testdir/my.cnf  2014-06-13 09:32:22.204390
INFO:root:MODIFY event : /root/testdir/my.cnf  2014-06-13 09:32:22.204800
INFO:root:CLOSE_WRITE event : /root/testdir/my.cnf  2014-06-13 09:32:22.204908
INFO:root:CREATE event : /root/testdir/netconfig  2014-06-13 09:32:22.204998
INFO:root:OPEN event : /root/testdir/netconfig  2014-06-13 09:32:22.205088
INFO:root:MODIFY event : /root/testdir/netconfig  2014-06-13 09:32:22.205178
INFO:root:CLOSE_WRITE event : /root/testdir/netconfig  2014-06-13 09:32:22.205268
INFO:root:CREATE event : /root/testdir/networks  2014-06-13 09:32:22.205367
INFO:root:OPEN event : /root/testdir/networks  2014-06-13 09:32:22.205424
INFO:root:MODIFY event : /root/testdir/networks  2014-06-13 09:32:22.205798
INFO:root:CLOSE_WRITE event : /root/testdir/networks  2014-06-13 09:32:22.205891
INFO:root:CREATE event : /root/testdir/nfsmount.conf  2014-06-13 09:32:22.205980
INFO:root:OPEN event : /root/testdir/nfsmount.conf  2014-06-13 09:32:22.206070
INFO:root:MODIFY event : /root/testdir/nfsmount.conf  2014-06-13 09:32:22.206160
INFO:root:CLOSE_WRITE event : /root/testdir/nfsmount.conf  2014-06-13 09:32:22.206249
INFO:root:CREATE event : /root/testdir/nsswitch.conf  2014-06-13 09:32:22.206354
INFO:root:OPEN event : /root/testdir/nsswitch.conf  2014-06-13 09:32:22.206434
INFO:root:MODIFY event : /root/testdir/nsswitch.conf  2014-06-13 09:32:22.206847
INFO:root:CLOSE_WRITE event : /root/testdir/nsswitch.conf  2014-06-13 09:32:22.206939
INFO:root:CREATE event : /root/testdir/passwd  2014-06-13 09:32:22.207028
INFO:root:OPEN event : /root/testdir/passwd  2014-06-13 09:32:22.207119
INFO:root:MODIFY event : /root/testdir/passwd  2014-06-13 09:32:22.207223
INFO:root:CLOSE_WRITE event : /root/testdir/passwd  2014-06-13 09:32:22.207314
INFO:root:CREATE event : /root/testdir/passwd-  2014-06-13 09:32:22.207424
INFO:root:OPEN event : /root/testdir/passwd-  2014-06-13 09:32:22.207795
INFO:root:MODIFY event : /root/testdir/passwd-  2014-06-13 09:32:22.207894
INFO:root:CLOSE_WRITE event : /root/testdir/passwd-  2014-06-13 09:32:22.207981
INFO:root:CREATE event : /root/testdir/printcap  2014-06-13 09:32:22.208067
INFO:root:OPEN event : /root/testdir/printcap  2014-06-13 09:32:22.208154
INFO:root:MODIFY event : /root/testdir/printcap  2014-06-13 09:32:22.208271
INFO:root:CLOSE_WRITE event : /root/testdir/printcap  2014-06-13 09:32:22.208368
INFO:root:CREATE event : /root/testdir/profile  2014-06-13 09:32:22.208424
INFO:root:OPEN event : /root/testdir/profile  2014-06-13 09:32:22.208807
INFO:root:MODIFY event : /root/testdir/profile  2014-06-13 09:32:22.208898
INFO:root:CLOSE_WRITE event : /root/testdir/profile  2014-06-13 09:32:22.208988
INFO:root:CREATE event : /root/testdir/protocols  2014-06-13 09:32:22.209076
INFO:root:OPEN event : /root/testdir/protocols  2014-06-13 09:32:22.209180
INFO:root:MODIFY event : /root/testdir/protocols  2014-06-13 09:32:22.209269
INFO:root:CLOSE_WRITE event : /root/testdir/protocols  2014-06-13 09:32:22.209358
INFO:root:CREATE event : /root/testdir/rc  2014-06-13 09:32:22.210198
INFO:root:OPEN event : /root/testdir/rc  2014-06-13 09:32:22.210527
INFO:root:MODIFY event : /root/testdir/rc  2014-06-13 09:32:22.210618
INFO:root:CLOSE_WRITE event : /root/testdir/rc  2014-06-13 09:32:22.210709
INFO:root:CREATE event : /root/testdir/rc.local  2014-06-13 09:32:22.210814
INFO:root:OPEN event : /root/testdir/rc.local  2014-06-13 09:32:22.210904
INFO:root:MODIFY event : /root/testdir/rc.local  2014-06-13 09:32:22.210993
INFO:root:CLOSE_WRITE event : /root/testdir/rc.local  2014-06-13 09:32:22.211081
INFO:root:CREATE event : /root/testdir/rc.sysinit  2014-06-13 09:32:22.211168
INFO:root:OPEN event : /root/testdir/rc.sysinit  2014-06-13 09:32:22.211267
INFO:root:MODIFY event : /root/testdir/rc.sysinit  2014-06-13 09:32:22.211358
INFO:root:CLOSE_WRITE event : /root/testdir/rc.sysinit  2014-06-13 09:32:22.211422
INFO:root:CREATE event : /root/testdir/redhat-release  2014-06-13 09:32:22.211815
INFO:root:OPEN event : /root/testdir/redhat-release  2014-06-13 09:32:22.211907
INFO:root:MODIFY event : /root/testdir/redhat-release  2014-06-13 09:32:22.212004
INFO:root:CLOSE_WRITE event : /root/testdir/redhat-release  2014-06-13 09:32:22.212096
INFO:root:CREATE event : /root/testdir/request-key.conf  2014-06-13 09:32:22.212184
INFO:root:OPEN event : /root/testdir/request-key.conf  2014-06-13 09:32:22.212287
INFO:root:MODIFY event : /root/testdir/request-key.conf  2014-06-13 09:32:22.215045
INFO:root:CLOSE_WRITE event : /root/testdir/request-key.conf  2014-06-13 09:32:22.215207
INFO:root:CREATE event : /root/testdir/resolv.conf  2014-06-13 09:32:22.215343
INFO:root:OPEN event : /root/testdir/resolv.conf  2014-06-13 09:32:22.215471
INFO:root:MODIFY event : /root/testdir/resolv.conf  2014-06-13 09:32:22.215899
INFO:root:CLOSE_WRITE event : /root/testdir/resolv.conf  2014-06-13 09:32:22.216024
INFO:root:CREATE event : /root/testdir/rpc  2014-06-13 09:32:22.216127
INFO:root:OPEN event : /root/testdir/rpc  2014-06-13 09:32:22.216218
INFO:root:MODIFY event : /root/testdir/rpc  2014-06-13 09:32:22.216308
INFO:root:CLOSE_WRITE event : /root/testdir/rpc  2014-06-13 09:32:22.216431
INFO:root:CREATE event : /root/testdir/rsyslog.conf  2014-06-13 09:32:22.216903
INFO:root:OPEN event : /root/testdir/rsyslog.conf  2014-06-13 09:32:22.217097
INFO:root:MODIFY event : /root/testdir/rsyslog.conf  2014-06-13 09:32:22.217189
INFO:root:CLOSE_WRITE event : /root/testdir/rsyslog.conf  2014-06-13 09:32:22.217280
INFO:root:CREATE event : /root/testdir/rwtab  2014-06-13 09:32:22.217371
INFO:root:OPEN event : /root/testdir/rwtab  2014-06-13 09:32:22.217822
INFO:root:MODIFY event : /root/testdir/rwtab  2014-06-13 09:32:22.217916
INFO:root:CLOSE_WRITE event : /root/testdir/rwtab  2014-06-13 09:32:22.218021
INFO:root:CREATE event : /root/testdir/securetty  2014-06-13 09:32:22.218110
INFO:root:OPEN event : /root/testdir/securetty  2014-06-13 09:32:22.218229
INFO:root:MODIFY event : /root/testdir/securetty  2014-06-13 09:32:22.218348
INFO:root:CLOSE_WRITE event : /root/testdir/securetty  2014-06-13 09:32:22.218851
INFO:root:CREATE event : /root/testdir/services  2014-06-13 09:32:22.218970
INFO:root:OPEN event : /root/testdir/services  2014-06-13 09:32:22.219126
INFO:root:MODIFY event : /root/testdir/services  2014-06-13 09:32:22.219252
INFO:root:CLOSE_WRITE event : /root/testdir/services  2014-06-13 09:32:22.219376
INFO:root:CREATE event : /root/testdir/sestatus.conf  2014-06-13 09:32:22.219875
INFO:root:OPEN event : /root/testdir/sestatus.conf  2014-06-13 09:32:22.220040
INFO:root:MODIFY event : /root/testdir/sestatus.conf  2014-06-13 09:32:22.220159
INFO:root:CLOSE_WRITE event : /root/testdir/sestatus.conf  2014-06-13 09:32:22.220269
INFO:root:CREATE event : /root/testdir/shadow  2014-06-13 09:32:22.220746
INFO:root:OPEN event : /root/testdir/shadow  2014-06-13 09:32:22.220893
INFO:root:MODIFY event : /root/testdir/shadow  2014-06-13 09:32:22.221038
INFO:root:CLOSE_WRITE event : /root/testdir/shadow  2014-06-13 09:32:22.221159
INFO:root:CREATE event : /root/testdir/shadow-  2014-06-13 09:32:22.221294
INFO:root:OPEN event : /root/testdir/shadow-  2014-06-13 09:32:22.221444
INFO:root:MODIFY event : /root/testdir/shadow-  2014-06-13 09:32:22.221971
INFO:root:CLOSE_WRITE event : /root/testdir/shadow-  2014-06-13 09:32:22.222098
INFO:root:CREATE event : /root/testdir/shells  2014-06-13 09:32:22.222248
INFO:root:OPEN event : /root/testdir/shells  2014-06-13 09:32:22.222368
INFO:root:MODIFY event : /root/testdir/shells  2014-06-13 09:32:22.222910
INFO:root:CLOSE_WRITE event : /root/testdir/shells  2014-06-13 09:32:22.223062
INFO:root:CREATE event : /root/testdir/statetab  2014-06-13 09:32:22.223172
INFO:root:OPEN event : /root/testdir/statetab  2014-06-13 09:32:22.223280
INFO:root:MODIFY event : /root/testdir/statetab  2014-06-13 09:32:22.223371
INFO:root:CLOSE_WRITE event : /root/testdir/statetab  2014-06-13 09:32:22.223827
INFO:root:CREATE event : /root/testdir/sysctl.conf  2014-06-13 09:32:22.223940
INFO:root:OPEN event : /root/testdir/sysctl.conf  2014-06-13 09:32:22.224033
INFO:root:MODIFY event : /root/testdir/sysctl.conf  2014-06-13 09:32:22.224135
INFO:root:CLOSE_WRITE event : /root/testdir/sysctl.conf  2014-06-13 09:32:22.224225
INFO:root:CREATE event : /root/testdir/system-release  2014-06-13 09:32:22.224314
INFO:root:OPEN event : /root/testdir/system-release  2014-06-13 09:32:22.224424
INFO:root:MODIFY event : /root/testdir/system-release  2014-06-13 09:32:22.224793
INFO:root:CLOSE_WRITE event : /root/testdir/system-release  2014-06-13 09:32:22.224903
INFO:root:CREATE event : /root/testdir/system-release-cpe  2014-06-13 09:32:22.224994
INFO:root:OPEN event : /root/testdir/system-release-cpe  2014-06-13 09:32:22.225084
INFO:root:MODIFY event : /root/testdir/system-release-cpe  2014-06-13 09:32:22.225175
INFO:root:CLOSE_WRITE event : /root/testdir/system-release-cpe  2014-06-13 09:32:22.225264
INFO:root:CREATE event : /root/testdir/vimrc  2014-06-13 09:32:22.225365
INFO:root:OPEN event : /root/testdir/vimrc  2014-06-13 09:32:22.225423
INFO:root:MODIFY event : /root/testdir/vimrc  2014-06-13 09:32:22.225813
INFO:root:CLOSE_WRITE event : /root/testdir/vimrc  2014-06-13 09:32:22.225905
INFO:root:CREATE event : /root/testdir/virc  2014-06-13 09:32:22.225994
INFO:root:OPEN event : /root/testdir/virc  2014-06-13 09:32:22.226084
INFO:root:MODIFY event : /root/testdir/virc  2014-06-13 09:32:22.226173
INFO:root:CLOSE_WRITE event : /root/testdir/virc  2014-06-13 09:32:22.226273
INFO:root:CREATE event : /root/testdir/wgetrc  2014-06-13 09:32:22.226362
INFO:root:OPEN event : /root/testdir/wgetrc  2014-06-13 09:32:22.226434
INFO:root:MODIFY event : /root/testdir/wgetrc  2014-06-13 09:32:22.226803
INFO:root:CLOSE_WRITE event : /root/testdir/wgetrc  2014-06-13 09:32:22.226897
INFO:root:CREATE event : /root/testdir/yum.conf  2014-06-13 09:32:22.226985
INFO:root:OPEN event : /root/testdir/yum.conf  2014-06-13 09:32:22.227074
INFO:root:MODIFY event : /root/testdir/yum.conf  2014-06-13 09:32:22.227163
INFO:root:CLOSE_WRITE event : /root/testdir/yum.conf  2014-06-13 09:32:22.227266
INFO:root:OPEN event : /root/testdir/  2014-06-13 09:32:46.781532
INFO:root:CLOSE_NOWRITE event : /root/testdir/  2014-06-13 09:32:46.792934
INFO:root:OPEN event : /root/testdir/  2014-06-13 09:32:55.108109
INFO:root:CLOSE_NOWRITE event : /root/testdir/  2014-06-13 09:32:55.108496
INFO:root:DELETE event : /root/testdir/adjtime  2014-06-13 09:32:55.120995
INFO:root:DELETE event : /root/testdir/aliases  2014-06-13 09:32:55.134564
INFO:root:DELETE event : /root/testdir/bashrc  2014-06-13 09:32:55.134868
INFO:root:DELETE event : /root/testdir/centos-release  2014-06-13 09:32:55.135119
INFO:root:DELETE event : /root/testdir/cgconfig.conf  2014-06-13 09:32:55.135392
INFO:root:DELETE event : /root/testdir/cgrules.conf  2014-06-13 09:32:55.136499
INFO:root:DELETE event : /root/testdir/cgsnapshot_blacklist.conf  2014-06-13 09:32:55.136766
INFO:root:DELETE event : /root/testdir/crypttab  2014-06-13 09:32:55.137025
INFO:root:DELETE event : /root/testdir/csh.cshrc  2014-06-13 09:32:55.137278
INFO:root:DELETE event : /root/testdir/csh.login  2014-06-13 09:32:55.138055
INFO:root:DELETE event : /root/testdir/DIR_COLORS  2014-06-13 09:32:55.139027
INFO:root:DELETE event : /root/testdir/DIR_COLORS.256color  2014-06-13 09:32:55.139243
INFO:root:DELETE event : /root/testdir/DIR_COLORS.lightbgcolor  2014-06-13 09:32:55.140204
INFO:root:DELETE event : /root/testdir/dracut.conf  2014-06-13 09:32:55.141316
INFO:root:DELETE event : /root/testdir/environment  2014-06-13 09:32:55.142354
INFO:root:DELETE event : /root/testdir/ethers  2014-06-13 09:32:55.143172
INFO:root:DELETE event : /root/testdir/exports  2014-06-13 09:32:55.143353
INFO:root:DELETE event : /root/testdir/favicon.png  2014-06-13 09:32:55.143462
INFO:root:DELETE event : /root/testdir/filesystems  2014-06-13 09:32:55.144134
INFO:root:DELETE event : /root/testdir/fstab  2014-06-13 09:32:55.144306
INFO:root:DELETE event : /root/testdir/gai.conf  2014-06-13 09:32:55.145020
INFO:root:DELETE event : /root/testdir/group  2014-06-13 09:32:55.145202
INFO:root:DELETE event : /root/testdir/group-  2014-06-13 09:32:55.145372
INFO:root:DELETE event : /root/testdir/grub.conf  2014-06-13 09:32:55.146087
INFO:root:DELETE event : /root/testdir/gshadow  2014-06-13 09:32:55.146261
INFO:root:DELETE event : /root/testdir/gshadow-  2014-06-13 09:32:55.146451
INFO:root:DELETE event : /root/testdir/gssapi_mech.conf  2014-06-13 09:32:55.147129
INFO:root:DELETE event : /root/testdir/hba.conf  2014-06-13 09:32:55.147324
INFO:root:DELETE event : /root/testdir/host.conf  2014-06-13 09:32:55.148073
INFO:root:DELETE event : /root/testdir/hosts  2014-06-13 09:32:55.148683
INFO:root:DELETE event : /root/testdir/hosts.allow  2014-06-13 09:32:55.148875
INFO:root:DELETE event : /root/testdir/hosts.deny  2014-06-13 09:32:55.149071
INFO:root:DELETE event : /root/testdir/idmapd.conf  2014-06-13 09:32:55.149258
INFO:root:DELETE event : /root/testdir/inittab  2014-06-13 09:32:55.149447
INFO:root:DELETE event : /root/testdir/inputrc  2014-06-13 09:32:55.150145
INFO:root:DELETE event : /root/testdir/issue  2014-06-13 09:32:55.150344
INFO:root:DELETE event : /root/testdir/issue.net  2014-06-13 09:32:55.150464
INFO:root:DELETE event : /root/testdir/krb5.conf  2014-06-13 09:32:55.151145
INFO:root:DELETE event : /root/testdir/ld.so.cache  2014-06-13 09:32:55.151313
INFO:root:DELETE event : /root/testdir/ld.so.conf  2014-06-13 09:32:55.151462
INFO:root:DELETE event : /root/testdir/libaudit.conf  2014-06-13 09:32:55.152197
INFO:root:DELETE event : /root/testdir/libuser.conf  2014-06-13 09:32:55.152363
INFO:root:DELETE event : /root/testdir/localtime  2014-06-13 09:32:55.153094
INFO:root:DELETE event : /root/testdir/login.defs  2014-06-13 09:32:55.153263
INFO:root:DELETE event : /root/testdir/logrotate.conf  2014-06-13 09:32:55.154075
INFO:root:DELETE event : /root/testdir/magic  2014-06-13 09:32:55.154299
INFO:root:DELETE event : /root/testdir/mke2fs.conf  2014-06-13 09:32:55.155030
INFO:root:DELETE event : /root/testdir/mongod.conf  2014-06-13 09:32:55.155219
INFO:root:DELETE event : /root/testdir/motd  2014-06-13 09:32:55.155449
INFO:root:DELETE event : /root/testdir/mtab  2014-06-13 09:32:55.156151
INFO:root:DELETE event : /root/testdir/my.cnf  2014-06-13 09:32:55.156325
INFO:root:DELETE event : /root/testdir/netconfig  2014-06-13 09:32:55.157127
INFO:root:DELETE event : /root/testdir/networks  2014-06-13 09:32:55.157304
INFO:root:DELETE event : /root/testdir/nfsmount.conf  2014-06-13 09:32:55.157451
INFO:root:DELETE event : /root/testdir/nsswitch.conf  2014-06-13 09:32:55.158324
INFO:root:DELETE event : /root/testdir/passwd  2014-06-13 09:32:55.159124
INFO:root:DELETE event : /root/testdir/passwd-  2014-06-13 09:32:55.159722
INFO:root:DELETE event : /root/testdir/printcap  2014-06-13 09:32:55.159901
INFO:root:DELETE event : /root/testdir/profile  2014-06-13 09:32:55.160102
INFO:root:DELETE event : /root/testdir/protocols  2014-06-13 09:32:55.160298
INFO:root:DELETE event : /root/testdir/rc  2014-06-13 09:32:55.160448
INFO:root:DELETE event : /root/testdir/rc.local  2014-06-13 09:32:55.161362
INFO:root:DELETE event : /root/testdir/rc.sysinit  2014-06-13 09:32:55.162125
INFO:root:DELETE event : /root/testdir/redhat-release  2014-06-13 09:32:55.162310
INFO:root:DELETE event : /root/testdir/request-key.conf  2014-06-13 09:32:55.164302
INFO:root:DELETE event : /root/testdir/resolv.conf  2014-06-13 09:32:55.164426
INFO:root:DELETE event : /root/testdir/rpc  2014-06-13 09:32:55.164902
INFO:root:DELETE event : /root/testdir/rsyslog.conf  2014-06-13 09:32:55.165032
INFO:root:DELETE event : /root/testdir/rwtab  2014-06-13 09:32:55.165146
INFO:root:DELETE event : /root/testdir/securetty  2014-06-13 09:32:55.165286
INFO:root:DELETE event : /root/testdir/services  2014-06-13 09:32:55.165429
INFO:root:DELETE event : /root/testdir/sestatus.conf  2014-06-13 09:32:55.165914
INFO:root:DELETE event : /root/testdir/shadow  2014-06-13 09:32:55.166045
INFO:root:DELETE event : /root/testdir/shadow-  2014-06-13 09:32:55.166157
INFO:root:DELETE event : /root/testdir/shells  2014-06-13 09:32:55.166292
INFO:root:DELETE event : /root/testdir/statetab  2014-06-13 09:32:55.166749
INFO:root:DELETE event : /root/testdir/sysctl.conf  2014-06-13 09:32:55.166895
INFO:root:DELETE event : /root/testdir/system-release  2014-06-13 09:32:55.167024
INFO:root:DELETE event : /root/testdir/system-release-cpe  2014-06-13 09:32:55.167135
INFO:root:DELETE event : /root/testdir/vimrc  2014-06-13 09:32:55.167275
INFO:root:DELETE event : /root/testdir/virc  2014-06-13 09:32:55.167424
INFO:root:DELETE event : /root/testdir/wgetrc  2014-06-13 09:32:55.167875
INFO:root:DELETE event : /root/testdir/yum.conf  2014-06-13 09:32:55.168004
INFO:root:OPEN event : /root/testdir/  2014-06-13 09:32:56.833460
INFO:root:CLOSE_NOWRITE event : /root/testdir/  2014-06-13 09:32:56.834795
INFO:root:OPEN event : /root/testdir/  2014-06-13 09:33:19.161463
INFO:root:CLOSE_NOWRITE event : /root/testdir/  2014-06-13 09:33:19.161817
INFO:root:CREATE event : /root/testdir/init.d  2014-06-13 09:33:23.244956
INFO:root:OPEN event : /root/testdir/  2014-06-13 09:33:35.877452
INFO:root:CLOSE_NOWRITE event : /root/testdir/  2014-06-13 09:33:35.880341
INFO:root:OPEN event : /root/testdir/  2014-06-13 09:33:37.928495
INFO:root:CLOSE_NOWRITE event : /root/testdir/  2014-06-13 09:33:37.928792
INFO:root:OPEN event : /root/testdir/init.d  2014-06-13 09:33:38.702600
INFO:root:CLOSE_NOWRITE event : /root/testdir/init.d  2014-06-13 09:33:38.707447
INFO:root:OPEN event : /root/testdir/  2014-06-13 09:33:43.880034
INFO:root:CLOSE_NOWRITE event : /root/testdir/  2014-06-13 09:33:43.883604
INFO:root:OPEN event : /root/testdir/  2014-06-13 09:33:46.326465
INFO:root:CLOSE_NOWRITE event : /root/testdir/  2014-06-13 09:33:46.326786
INFO:root:OPEN event : /root/testdir/init.d  2014-06-13 09:33:46.685524
INFO:root:DELETE event : /root/testdir/init.d  2014-06-13 09:33:46.688510
INFO:root:CLOSE_NOWRITE event : /root/testdir/init.d  2014-06-13 09:33:46.689649
INFO:root:OPEN event : /root/testdir/  2014-06-13 09:33:47.170948
INFO:root:CLOSE_NOWRITE event : /root/testdir/  2014-06-13 09:33:47.171791
INFO:root:CREATE event : /root/testdir/auditd  2014-06-13 09:34:07.773045
INFO:root:OPEN event : /root/testdir/auditd  2014-06-13 09:34:07.774343
INFO:root:MODIFY event : /root/testdir/auditd  2014-06-13 09:34:07.775704
INFO:root:CLOSE_WRITE event : /root/testdir/auditd  2014-06-13 09:34:07.777238
INFO:root:CREATE event : /root/testdir/cgconfig  2014-06-13 09:34:07.793262
INFO:root:OPEN event : /root/testdir/cgconfig  2014-06-13 09:34:07.793908
INFO:root:MODIFY event : /root/testdir/cgconfig  2014-06-13 09:34:07.795439
INFO:root:CLOSE_WRITE event : /root/testdir/cgconfig  2014-06-13 09:34:07.796438
INFO:root:CREATE event : /root/testdir/cgred  2014-06-13 09:34:07.796891
INFO:root:OPEN event : /root/testdir/cgred  2014-06-13 09:34:07.797040
INFO:root:MODIFY event : /root/testdir/cgred  2014-06-13 09:34:07.797174
INFO:root:CLOSE_WRITE event : /root/testdir/cgred  2014-06-13 09:34:07.797290
INFO:root:CREATE event : /root/testdir/fcoe  2014-06-13 09:34:07.797444
INFO:root:OPEN event : /root/testdir/fcoe  2014-06-13 09:34:07.797896
INFO:root:MODIFY event : /root/testdir/fcoe  2014-06-13 09:34:07.798029
INFO:root:CLOSE_WRITE event : /root/testdir/fcoe  2014-06-13 09:34:07.798162
INFO:root:CREATE event : /root/testdir/functions  2014-06-13 09:34:07.798284
INFO:root:OPEN event : /root/testdir/functions  2014-06-13 09:34:07.798445
INFO:root:MODIFY event : /root/testdir/functions  2014-06-13 09:34:07.798870
INFO:root:CLOSE_WRITE event : /root/testdir/functions  2014-06-13 09:34:07.798986
INFO:root:CREATE event : /root/testdir/halt  2014-06-13 09:34:07.799117
INFO:root:OPEN event : /root/testdir/halt  2014-06-13 09:34:07.799229
INFO:root:MODIFY event : /root/testdir/halt  2014-06-13 09:34:07.799356
INFO:root:CLOSE_WRITE event : /root/testdir/halt  2014-06-13 09:34:07.799846
INFO:root:CREATE event : /root/testdir/ip6tables  2014-06-13 09:34:07.799955
INFO:root:OPEN event : /root/testdir/ip6tables  2014-06-13 09:34:07.800050
INFO:root:MODIFY event : /root/testdir/ip6tables  2014-06-13 09:34:07.800142
INFO:root:CLOSE_WRITE event : /root/testdir/ip6tables  2014-06-13 09:34:07.800234
INFO:root:CREATE event : /root/testdir/iptables  2014-06-13 09:34:07.800342
INFO:root:OPEN event : /root/testdir/iptables  2014-06-13 09:34:07.800723
INFO:root:MODIFY event : /root/testdir/iptables  2014-06-13 09:34:07.800821
INFO:root:CLOSE_WRITE event : /root/testdir/iptables  2014-06-13 09:34:07.800932
INFO:root:CREATE event : /root/testdir/iscsi  2014-06-13 09:34:07.801020
INFO:root:OPEN event : /root/testdir/iscsi  2014-06-13 09:34:07.801108
INFO:root:MODIFY event : /root/testdir/iscsi  2014-06-13 09:34:07.801212
INFO:root:CLOSE_WRITE event : /root/testdir/iscsi  2014-06-13 09:34:07.801300
INFO:root:CREATE event : /root/testdir/iscsid  2014-06-13 09:34:07.801757
INFO:root:OPEN event : /root/testdir/iscsid  2014-06-13 09:34:07.801851
INFO:root:MODIFY event : /root/testdir/iscsid  2014-06-13 09:34:07.801978
INFO:root:CLOSE_WRITE event : /root/testdir/iscsid  2014-06-13 09:34:07.802066
INFO:root:CREATE event : /root/testdir/killall  2014-06-13 09:34:07.802152
INFO:root:OPEN event : /root/testdir/killall  2014-06-13 09:34:07.802238
INFO:root:MODIFY event : /root/testdir/killall  2014-06-13 09:34:07.802325
INFO:root:CLOSE_WRITE event : /root/testdir/killall  2014-06-13 09:34:07.802997
INFO:root:CREATE event : /root/testdir/lldpad  2014-06-13 09:34:07.803450
INFO:root:OPEN event : /root/testdir/lldpad  2014-06-13 09:34:07.803838
INFO:root:MODIFY event : /root/testdir/lldpad  2014-06-13 09:34:07.803948
INFO:root:CLOSE_WRITE event : /root/testdir/lldpad  2014-06-13 09:34:07.804049
INFO:root:CREATE event : /root/testdir/lvm2-lvmetad  2014-06-13 09:34:07.804147
INFO:root:OPEN event : /root/testdir/lvm2-lvmetad  2014-06-13 09:34:07.804237
INFO:root:MODIFY event : /root/testdir/lvm2-lvmetad  2014-06-13 09:34:07.804327
INFO:root:CLOSE_WRITE event : /root/testdir/lvm2-lvmetad  2014-06-13 09:34:07.804425
INFO:root:CREATE event : /root/testdir/lvm2-monitor  2014-06-13 09:34:07.804791
INFO:root:OPEN event : /root/testdir/lvm2-monitor  2014-06-13 09:34:07.804885
INFO:root:MODIFY event : /root/testdir/lvm2-monitor  2014-06-13 09:34:07.804990
INFO:root:CLOSE_WRITE event : /root/testdir/lvm2-monitor  2014-06-13 09:34:07.805081
INFO:root:CREATE event : /root/testdir/mongod  2014-06-13 09:34:07.805170
INFO:root:OPEN event : /root/testdir/mongod  2014-06-13 09:34:07.805260
INFO:root:MODIFY event : /root/testdir/mongod  2014-06-13 09:34:07.805349
INFO:root:CLOSE_WRITE event : /root/testdir/mongod  2014-06-13 09:34:07.805802
INFO:root:CREATE event : /root/testdir/multipathd  2014-06-13 09:34:07.805909
INFO:root:OPEN event : /root/testdir/multipathd  2014-06-13 09:34:07.806002
INFO:root:MODIFY event : /root/testdir/multipathd  2014-06-13 09:34:07.806092
INFO:root:CLOSE_WRITE event : /root/testdir/multipathd  2014-06-13 09:34:07.806182
INFO:root:CREATE event : /root/testdir/mysqld  2014-06-13 09:34:07.806270
INFO:root:OPEN event : /root/testdir/mysqld  2014-06-13 09:34:07.806360
INFO:root:MODIFY event : /root/testdir/mysqld  2014-06-13 09:34:07.806431
INFO:root:CLOSE_WRITE event : /root/testdir/mysqld  2014-06-13 09:34:07.806840
INFO:root:CREATE event : /root/testdir/netconsole  2014-06-13 09:34:07.806931
INFO:root:OPEN event : /root/testdir/netconsole  2014-06-13 09:34:07.807020
INFO:root:MODIFY event : /root/testdir/netconsole  2014-06-13 09:34:07.807110
INFO:root:CLOSE_WRITE event : /root/testdir/netconsole  2014-06-13 09:34:07.807199
INFO:root:CREATE event : /root/testdir/netfs  2014-06-13 09:34:07.809693
INFO:root:OPEN event : /root/testdir/netfs  2014-06-13 09:34:07.810173
INFO:root:MODIFY event : /root/testdir/netfs  2014-06-13 09:34:07.810302
INFO:root:CLOSE_WRITE event : /root/testdir/netfs  2014-06-13 09:34:07.810443
INFO:root:CREATE event : /root/testdir/network  2014-06-13 09:34:07.810900
INFO:root:OPEN event : /root/testdir/network  2014-06-13 09:34:07.810996
INFO:root:MODIFY event : /root/testdir/network  2014-06-13 09:34:07.811087
INFO:root:CLOSE_WRITE event : /root/testdir/network  2014-06-13 09:34:07.811177
INFO:root:CREATE event : /root/testdir/nfs  2014-06-13 09:34:07.811264
INFO:root:OPEN event : /root/testdir/nfs  2014-06-13 09:34:07.811423
INFO:root:MODIFY event : /root/testdir/nfs  2014-06-13 09:34:07.811833
INFO:root:CLOSE_WRITE event : /root/testdir/nfs  2014-06-13 09:34:07.811936
INFO:root:CREATE event : /root/testdir/nfslock  2014-06-13 09:34:07.812025
INFO:root:OPEN event : /root/testdir/nfslock  2014-06-13 09:34:07.812115
INFO:root:MODIFY event : /root/testdir/nfslock  2014-06-13 09:34:07.812205
INFO:root:CLOSE_WRITE event : /root/testdir/nfslock  2014-06-13 09:34:07.812307
INFO:root:CREATE event : /root/testdir/rdisc  2014-06-13 09:34:07.812423
INFO:root:OPEN event : /root/testdir/rdisc  2014-06-13 09:34:07.812927
INFO:root:MODIFY event : /root/testdir/rdisc  2014-06-13 09:34:07.813030
INFO:root:CLOSE_WRITE event : /root/testdir/rdisc  2014-06-13 09:34:07.813126
INFO:root:CREATE event : /root/testdir/restorecond  2014-06-13 09:34:07.813217
INFO:root:OPEN event : /root/testdir/restorecond  2014-06-13 09:34:07.813328
INFO:root:MODIFY event : /root/testdir/restorecond  2014-06-13 09:34:07.813425
INFO:root:CLOSE_WRITE event : /root/testdir/restorecond  2014-06-13 09:34:07.813814
INFO:root:CREATE event : /root/testdir/rpcbind  2014-06-13 09:34:07.813907
INFO:root:OPEN event : /root/testdir/rpcbind  2014-06-13 09:34:07.813999
INFO:root:MODIFY event : /root/testdir/rpcbind  2014-06-13 09:34:07.814090
INFO:root:CLOSE_WRITE event : /root/testdir/rpcbind  2014-06-13 09:34:07.814180
INFO:root:CREATE event : /root/testdir/rpcgssd  2014-06-13 09:34:07.814285
INFO:root:OPEN event : /root/testdir/rpcgssd  2014-06-13 09:34:07.814377
INFO:root:MODIFY event : /root/testdir/rpcgssd  2014-06-13 09:34:07.814876
INFO:root:CLOSE_WRITE event : /root/testdir/rpcgssd  2014-06-13 09:34:07.814982
INFO:root:CREATE event : /root/testdir/rpcidmapd  2014-06-13 09:34:07.815078
INFO:root:OPEN event : /root/testdir/rpcidmapd  2014-06-13 09:34:07.815172
INFO:root:MODIFY event : /root/testdir/rpcidmapd  2014-06-13 09:34:07.815279
INFO:root:CLOSE_WRITE event : /root/testdir/rpcidmapd  2014-06-13 09:34:07.815371
INFO:root:CREATE event : /root/testdir/rpcsvcgssd  2014-06-13 09:34:07.815425
INFO:root:OPEN event : /root/testdir/rpcsvcgssd  2014-06-13 09:34:07.815799
INFO:root:MODIFY event : /root/testdir/rpcsvcgssd  2014-06-13 09:34:07.815892
INFO:root:CLOSE_WRITE event : /root/testdir/rpcsvcgssd  2014-06-13 09:34:07.815984
INFO:root:CREATE event : /root/testdir/rsyslog  2014-06-13 09:34:07.816073
INFO:root:OPEN event : /root/testdir/rsyslog  2014-06-13 09:34:07.816176
INFO:root:MODIFY event : /root/testdir/rsyslog  2014-06-13 09:34:07.816267
INFO:root:CLOSE_WRITE event : /root/testdir/rsyslog  2014-06-13 09:34:07.816358
INFO:root:CREATE event : /root/testdir/sandbox  2014-06-13 09:34:07.816424
INFO:root:OPEN event : /root/testdir/sandbox  2014-06-13 09:34:07.817001
INFO:root:MODIFY event : /root/testdir/sandbox  2014-06-13 09:34:07.817102
INFO:root:CLOSE_WRITE event : /root/testdir/sandbox  2014-06-13 09:34:07.817222
INFO:root:CREATE event : /root/testdir/single  2014-06-13 09:34:07.817316
INFO:root:OPEN event : /root/testdir/single  2014-06-13 09:34:07.817425
INFO:root:MODIFY event : /root/testdir/single  2014-06-13 09:34:07.817800
INFO:root:CLOSE_WRITE event : /root/testdir/single  2014-06-13 09:34:07.817896
INFO:root:CREATE event : /root/testdir/sshd  2014-06-13 09:34:07.817987
INFO:root:OPEN event : /root/testdir/sshd  2014-06-13 09:34:07.818079
INFO:root:MODIFY event : /root/testdir/sshd  2014-06-13 09:34:07.818182
INFO:root:CLOSE_WRITE event : /root/testdir/sshd  2014-06-13 09:34:07.818274
INFO:root:CREATE event : /root/testdir/udev-post  2014-06-13 09:34:07.818363
INFO:root:OPEN event : /root/testdir/udev-post  2014-06-13 09:34:07.818424
INFO:root:MODIFY event : /root/testdir/udev-post  2014-06-13 09:34:07.818833
INFO:root:CLOSE_WRITE event : /root/testdir/udev-post  2014-06-13 09:34:07.818925
INFO:root:Starting monitor...
INFO:root:OPEN event : /root/testdir/  2014-06-13 09:35:24.452450
INFO:root:CLOSE_NOWRITE event : /root/testdir/  2014-06-13 09:35:24.458915
INFO:root:OPEN event : /root/testdir/  2014-06-13 09:35:27.654085
INFO:root:CLOSE_NOWRITE event : /root/testdir/  2014-06-13 09:35:27.654453
INFO:root:DELETE event : /root/testdir/auditd  2014-06-13 09:35:27.664125
INFO:root:DELETE event : /root/testdir/cgconfig  2014-06-13 09:35:27.666999
INFO:root:DELETE event : /root/testdir/cgred  2014-06-13 09:35:27.667795
INFO:root:DELETE event : /root/testdir/fcoe  2014-06-13 09:35:27.668885
INFO:root:DELETE event : /root/testdir/functions  2014-06-13 09:35:27.669460
INFO:root:DELETE event : /root/testdir/halt  2014-06-13 09:35:27.670829
INFO:root:DELETE event : /root/testdir/ip6tables  2014-06-13 09:35:27.674229
INFO:root:DELETE event : /root/testdir/iptables  2014-06-13 09:35:27.674860
INFO:root:DELETE event : /root/testdir/iscsi  2014-06-13 09:35:27.678313
INFO:root:DELETE event : /root/testdir/iscsid  2014-06-13 09:35:27.679606
INFO:root:DELETE event : /root/testdir/killall  2014-06-13 09:35:27.679841
INFO:root:DELETE event : /root/testdir/lldpad  2014-06-13 09:35:27.680077
INFO:root:DELETE event : /root/testdir/lvm2-lvmetad  2014-06-13 09:35:27.680291
INFO:root:DELETE event : /root/testdir/lvm2-monitor  2014-06-13 09:35:27.680473
INFO:root:DELETE event : /root/testdir/mongod  2014-06-13 09:35:27.682043
INFO:root:DELETE event : /root/testdir/multipathd  2014-06-13 09:35:27.682288
INFO:root:DELETE event : /root/testdir/mysqld  2014-06-13 09:35:27.683051
INFO:root:DELETE event : /root/testdir/netconsole  2014-06-13 09:35:27.684263
INFO:root:DELETE event : /root/testdir/netfs  2014-06-13 09:35:27.684469
INFO:root:DELETE event : /root/testdir/network  2014-06-13 09:35:27.684879
INFO:root:DELETE event : /root/testdir/nfs  2014-06-13 09:35:27.684979
INFO:root:DELETE event : /root/testdir/nfslock  2014-06-13 09:35:27.685075
INFO:root:DELETE event : /root/testdir/rdisc  2014-06-13 09:35:27.685183
INFO:root:DELETE event : /root/testdir/restorecond  2014-06-13 09:35:27.685276
INFO:root:DELETE event : /root/testdir/rpcbind  2014-06-13 09:35:27.685368
INFO:root:DELETE event : /root/testdir/rpcgssd  2014-06-13 09:35:27.685427
INFO:root:DELETE event : /root/testdir/rpcidmapd  2014-06-13 09:35:27.686279
INFO:root:DELETE event : /root/testdir/rpcsvcgssd  2014-06-13 09:35:27.686390
INFO:root:DELETE event : /root/testdir/rsyslog  2014-06-13 09:35:27.686829
INFO:root:DELETE event : /root/testdir/sandbox  2014-06-13 09:35:27.686932
INFO:root:DELETE event : /root/testdir/single  2014-06-13 09:35:27.687043
INFO:root:DELETE event : /root/testdir/sshd  2014-06-13 09:35:27.687159
INFO:root:DELETE event : /root/testdir/udev-post  2014-06-13 09:35:27.687279
INFO:root:Starting monitor...
INFO:root:OPEN event : /root/testdir/  2014-06-13 12:14:21.769449
INFO:root:CLOSE_NOWRITE event : /root/testdir/  2014-06-13 12:14:21.775212
INFO:root:OPEN event : /root/testdir/  2014-06-13 12:14:56.556682
INFO:root:CLOSE_NOWRITE event : /root/testdir/  2014-06-13 12:14:56.561120
INFO:root:OPEN event : /root/testdir/  2014-06-13 12:15:22.417463
INFO:root:CLOSE_NOWRITE event : /root/testdir/  2014-06-13 12:15:22.421294
INFO:root:CREATE event : /root/testdir/tes  2014-06-13 12:15:30.530339
INFO:root:OPEN event : /root/testdir/tes  2014-06-13 12:15:30.531480
INFO:root:IN_ATTRIB event : /root/testdir/tes  2014-06-13 12:15:30.532235
INFO:root:CLOSE_WRITE event : /root/testdir/tes  2014-06-13 12:15:30.533451
INFO:root:CREATE event : /root/testdir/tess  2014-06-13 12:16:01.781829
INFO:root:CREATE event : /root/testdir/my.cnf  2014-06-13 12:16:22.801521
INFO:root:OPEN event : /root/testdir/my.cnf  2014-06-13 12:16:22.802163
INFO:root:MODIFY event : /root/testdir/my.cnf  2014-06-13 12:16:22.810904
INFO:root:CLOSE_WRITE event : /root/testdir/my.cnf  2014-06-13 12:16:22.811454
INFO:root:CREATE event : /root/testdir/ss  2014-06-13 12:16:40.128450
INFO:root:OPEN event : /root/testdir/ss  2014-06-13 12:16:40.129452
INFO:root:IN_ATTRIB event : /root/testdir/ss  2014-06-13 12:16:40.130448
INFO:root:CLOSE_WRITE event : /root/testdir/ss  2014-06-13 12:16:40.131381
INFO:root:Starting monitor...
INFO:root:CREATE event : /root/testdir/asd  2014-06-13 12:18:24.836475
INFO:root:IN_ATTRIB event : /root/testdir/asd  2014-06-13 12:18:24.843036
INFO:root:CREATE event : /root/testdir/3er  2014-06-13 12:19:18.269076
INFO:root:IN_ATTRIB event : /root/testdir/3er  2014-06-13 12:19:18.282462
INFO:root:Starting monitor...
INFO:root:CREATE event : /root/testdir/sad  2014-06-13 12:20:05.110824
INFO:root:DELETE event : /root/testdir/3er  2014-06-13 12:20:10.707211
INFO:root:DELETE event : /root/testdir/ss  2014-06-13 12:20:23.710210
INFO:root:DELETE event : /root/testdir/tess  2014-06-13 12:20:29.669461
INFO:root:DELETE event : /root/testdir/tess/  2014-06-13 12:20:29.675183
INFO:root:DELETE event : /root/testdir/tes  2014-06-13 12:20:50.193087
INFO:root:DELETE event : /root/testdir/my.cnf  2014-06-13 12:20:54.052234
INFO:root:CREATE event : /root/testdir/my.cnf  2014-06-13 12:21:02.375047
INFO:root:MODIFY event : /root/testdir/my.cnf  2014-06-13 12:21:02.377076
INFO:root:Starting monitor...
INFO:root:DELETE event : /root/testdir/my.cnf  2014-06-13 12:21:45.959461
INFO:root:CREATE event : /root/testdir/my.cnf  2014-06-13 12:21:47.760323
INFO:root:DELETE event : /root/testdir/my.cnf  2014-06-13 12:21:50.225042
INFO:root:CREATE event : /root/testdir/my.cnf  2014-06-13 12:21:51.555199
INFO:root:DELETE event : /root/testdir/my.cnf  2014-06-13 12:21:52.694317
INFO:root:CREATE event : /root/testdir/my.cnf  2014-06-13 12:21:53.842719
INFO:root:CREATE event : /root/testdir/dfa  2014-06-13 12:22:06.346947
INFO:root:DELETE event : /root/testdir/dfa  2014-06-13 12:22:09.532997
INFO:root:DELETE event : /root/testdir/asd  2014-06-13 12:22:18.517085
INFO:root:DELETE event : /root/testdir/my.cnf  2014-06-13 12:22:18.518459
INFO:root:DELETE event : /root/testdir/sad  2014-06-13 12:22:18.523068
INFO:root:Starting monitor...
INFO:root:Starting monitor...
INFO:root:DELETE event : /root/testdir/passwd  2014-06-13 14:28:22.325923
INFO:root:Starting monitor...
INFO:root:DELETE event : /root/testdir/passwd  2014-06-13 14:29:01.273558
INFO:root:Starting monitor...
INFO:root:DELETE event : /root/testdir/passwd  2014-06-13 14:29:45.758402
INFO:root:CREATE event : /root/testdir/passwd  2014-06-13 14:29:47.640810
INFO:root:CREATE event : /root/testdir/mongod  2014-06-13 14:31:50.006857
INFO:root:DELETE event : /root/testdir/mongod  2014-06-13 14:35:13.509974
INFO:root:DELETE event : /root/testdir/passwd  2014-06-13 14:35:13.520384
INFO:root:CREATE event : /root/testdir/2to3  2014-06-13 14:35:18.606820
INFO:root:CREATE event : /root/testdir/bsondump  2014-06-13 14:35:18.626856
INFO:root:CREATE event : /root/testdir/easy_install-2.7  2014-06-13 14:35:18.891988
INFO:root:CREATE event : /root/testdir/idle  2014-06-13 14:35:18.909268
INFO:root:CREATE event : /root/testdir/mongo  2014-06-13 14:35:18.917501
INFO:root:CREATE event : /root/testdir/mongod  2014-06-13 14:35:19.014919
INFO:root:CREATE event : /root/testdir/mongodump  2014-06-13 14:35:19.200241
INFO:root:CREATE event : /root/testdir/mongoexport  2014-06-13 14:35:19.714487
INFO:root:CREATE event : /root/testdir/mongofiles  2014-06-13 14:35:20.308572
INFO:root:CREATE event : /root/testdir/mongoimport  2014-06-13 14:35:21.135211
INFO:root:CREATE event : /root/testdir/mongooplog  2014-06-13 14:35:21.999799
INFO:root:CREATE event : /root/testdir/mongoperf  2014-06-13 14:35:23.619225
INFO:root:CREATE event : /root/testdir/mongorestore  2014-06-13 14:35:24.138631
INFO:root:CREATE event : /root/testdir/mongos  2014-06-13 14:35:25.039873
INFO:root:CREATE event : /root/testdir/mongostat  2014-06-13 14:35:25.621989
INFO:root:CREATE event : /root/testdir/mongotop  2014-06-13 14:35:26.237614
INFO:root:CREATE event : /root/testdir/pip  2014-06-13 14:35:27.675495
INFO:root:CREATE event : /root/testdir/pip2  2014-06-13 14:35:27.742955
INFO:root:CREATE event : /root/testdir/pip2.7  2014-06-13 14:35:28.163137
INFO:root:CREATE event : /root/testdir/pydoc  2014-06-13 14:35:28.418353
INFO:root:CREATE event : /root/testdir/python  2014-06-13 14:35:28.428086
INFO:root:CREATE event : /root/testdir/python2  2014-06-13 14:35:28.437623
INFO:root:CREATE event : /root/testdir/python2.7  2014-06-13 14:35:28.442637
INFO:root:CREATE event : /root/testdir/python2.7-config  2014-06-13 14:35:28.447237
INFO:root:CREATE event : /root/testdir/python2-config  2014-06-13 14:35:28.451977
INFO:root:CREATE event : /root/testdir/python-config  2014-06-13 14:35:28.457775
INFO:root:CREATE event : /root/testdir/smtpd.py  2014-06-13 14:35:28.462887
INFO:root:CREATE event : /root/testdir/test.jpg  2014-06-13 14:43:22.203535
INFO:root:Starting monitor...
INFO:root:DELETE event : /root/testdir/2to3  2014-06-13 15:02:33.602382
INFO:root:DELETE event : /root/testdir/bsondump  2014-06-13 15:02:33.608756
INFO:root:DELETE event : /root/testdir/easy_install-2.7  2014-06-13 15:02:33.613256
INFO:root:DELETE event : /root/testdir/idle  2014-06-13 15:02:33.614600
INFO:root:DELETE event : /root/testdir/mongo  2014-06-13 15:02:33.614981
INFO:root:DELETE event : /root/testdir/mongod  2014-06-13 15:02:33.615279
INFO:root:DELETE event : /root/testdir/mongodump  2014-06-13 15:02:33.615940
INFO:root:DELETE event : /root/testdir/mongoexport  2014-06-13 15:02:33.616057
INFO:root:DELETE event : /root/testdir/mongofiles  2014-06-13 15:02:33.616704
INFO:root:DELETE event : /root/testdir/mongoimport  2014-06-13 15:02:33.618827
INFO:root:DELETE event : /root/testdir/mongooplog  2014-06-13 15:02:33.620299
INFO:root:DELETE event : /root/testdir/mongoperf  2014-06-13 15:02:33.621532
INFO:root:DELETE event : /root/testdir/mongorestore  2014-06-13 15:02:33.624965
INFO:root:DELETE event : /root/testdir/mongos  2014-06-13 15:02:33.633293
INFO:root:DELETE event : /root/testdir/mongostat  2014-06-13 15:02:33.639305
INFO:root:DELETE event : /root/testdir/mongotop  2014-06-13 15:02:33.646607
INFO:root:DELETE event : /root/testdir/pip  2014-06-13 15:02:33.652802
INFO:root:DELETE event : /root/testdir/pip2  2014-06-13 15:02:33.653397
INFO:root:DELETE event : /root/testdir/pip2.7  2014-06-13 15:02:33.654160
INFO:root:DELETE event : /root/testdir/pydoc  2014-06-13 15:02:33.654827
INFO:root:DELETE event : /root/testdir/python  2014-06-13 15:02:33.655198
INFO:root:DELETE event : /root/testdir/python2  2014-06-13 15:02:33.657135
INFO:root:DELETE event : /root/testdir/python2.7  2014-06-13 15:02:33.659078
INFO:root:DELETE event : /root/testdir/python2.7-config  2014-06-13 15:02:33.660894
INFO:root:DELETE event : /root/testdir/python2-config  2014-06-13 15:02:33.661272
INFO:root:DELETE event : /root/testdir/python-config  2014-06-13 15:02:33.661884
INFO:root:DELETE event : /root/testdir/smtpd.py  2014-06-13 15:02:33.662223
INFO:root:DELETE event : /root/testdir/test.jpg  2014-06-13 15:02:33.662814
INFO:root:CREATE event : /root/testdir/test.jpg  2014-06-13 15:02:53.726994
INFO:root:CREATE event : /root/testdir/mongod  2014-06-13 15:03:38.962774
INFO:root:DELETE event : /root/testdir/mongod  2014-06-13 15:04:51.542716
INFO:root:CREATE event : /root/testdir/passwd  2014-06-13 15:04:59.507663
INFO:root:CREATE event : /root/testdir/my.cnf  2014-06-13 15:05:20.498012
INFO:root:Starting monitor...
INFO:root:DELETE event : /root/testdir/my.cnf  2014-06-13 17:36:47.065312
INFO:root:DELETE event : /root/testdir/passwd  2014-06-13 17:36:47.070701
INFO:root:DELETE event : /root/testdir/test.jpg  2014-06-13 17:36:47.070977
INFO:root:CREATE event : /root/testdir/auditd  2014-06-13 17:41:09.660318
INFO:root:CREATE event : /root/testdir/cgconfig  2014-06-13 17:41:09.671736
INFO:root:CREATE event : /root/testdir/cgred  2014-06-13 17:41:09.676859
INFO:root:CREATE event : /root/testdir/fcoe  2014-06-13 17:41:09.682907
INFO:root:CREATE event : /root/testdir/functions  2014-06-13 17:41:09.688323
INFO:root:CREATE event : /root/testdir/halt  2014-06-13 17:41:09.693208
INFO:root:CREATE event : /root/testdir/ip6tables  2014-06-13 17:41:09.699122
INFO:root:CREATE event : /root/testdir/iptables  2014-06-13 17:41:09.704317
INFO:root:CREATE event : /root/testdir/iscsi  2014-06-13 17:41:09.709320
INFO:root:CREATE event : /root/testdir/iscsid  2014-06-13 17:41:09.714329
INFO:root:CREATE event : /root/testdir/killall  2014-06-13 17:41:09.719855
INFO:root:CREATE event : /root/testdir/lldpad  2014-06-13 17:41:09.725444
INFO:root:CREATE event : /root/testdir/lvm2-lvmetad  2014-06-13 17:41:09.730485
INFO:root:CREATE event : /root/testdir/lvm2-monitor  2014-06-13 17:41:09.735963
INFO:root:CREATE event : /root/testdir/mongod  2014-06-13 17:41:09.741242
INFO:root:CREATE event : /root/testdir/multipathd  2014-06-13 17:41:09.747219
INFO:root:CREATE event : /root/testdir/mysqld  2014-06-13 17:41:09.752319
INFO:root:CREATE event : /root/testdir/netconsole  2014-06-13 17:41:09.761828
INFO:root:CREATE event : /root/testdir/netfs  2014-06-13 17:41:09.766917
INFO:root:CREATE event : /root/testdir/network  2014-06-13 17:41:09.772027
INFO:root:CREATE event : /root/testdir/nfs  2014-06-13 17:41:09.776909
INFO:root:CREATE event : /root/testdir/nfslock  2014-06-13 17:41:09.782129
INFO:root:CREATE event : /root/testdir/rdisc  2014-06-13 17:41:09.787305
INFO:root:CREATE event : /root/testdir/restorecond  2014-06-13 17:41:09.793325
INFO:root:CREATE event : /root/testdir/rpcbind  2014-06-13 17:41:09.798461
INFO:root:CREATE event : /root/testdir/rpcgssd  2014-06-13 17:41:09.803317
INFO:root:CREATE event : /root/testdir/rpcidmapd  2014-06-13 17:41:09.808102
INFO:root:CREATE event : /root/testdir/rpcsvcgssd  2014-06-13 17:41:09.813845
INFO:root:CREATE event : /root/testdir/rsyslog  2014-06-13 17:41:09.818850
INFO:root:CREATE event : /root/testdir/sandbox  2014-06-13 17:41:09.824483
INFO:root:CREATE event : /root/testdir/single  2014-06-13 17:41:09.830472
INFO:root:CREATE event : /root/testdir/sshd  2014-06-13 17:41:09.836709
INFO:root:CREATE event : /root/testdir/udev-post  2014-06-13 17:41:09.841715
INFO:root:Starting monitor...
INFO:root:DELETE event : /root/testdir/auditd  2014-06-13 17:46:38.011143
INFO:root:DELETE event : /root/testdir/cgconfig  2014-06-13 17:46:38.018072
INFO:root:DELETE event : /root/testdir/cgred  2014-06-13 17:46:38.020054
INFO:root:DELETE event : /root/testdir/fcoe  2014-06-13 17:46:38.020172
INFO:root:DELETE event : /root/testdir/functions  2014-06-13 17:46:38.020283
INFO:root:DELETE event : /root/testdir/halt  2014-06-13 17:46:38.021015
INFO:root:DELETE event : /root/testdir/ip6tables  2014-06-13 17:46:38.021117
INFO:root:DELETE event : /root/testdir/iptables  2014-06-13 17:46:38.021240
INFO:root:DELETE event : /root/testdir/iscsi  2014-06-13 17:46:38.021715
INFO:root:DELETE event : /root/testdir/iscsid  2014-06-13 17:46:38.021815
INFO:root:DELETE event : /root/testdir/killall  2014-06-13 17:46:38.021927
INFO:root:DELETE event : /root/testdir/lldpad  2014-06-13 17:46:38.022022
INFO:root:DELETE event : /root/testdir/lvm2-lvmetad  2014-06-13 17:46:38.022128
INFO:root:DELETE event : /root/testdir/lvm2-monitor  2014-06-13 17:46:38.022238
INFO:root:DELETE event : /root/testdir/mongod  2014-06-13 17:46:38.022615
INFO:root:DELETE event : /root/testdir/multipathd  2014-06-13 17:46:38.022722
INFO:root:DELETE event : /root/testdir/mysqld  2014-06-13 17:46:38.022813
INFO:root:DELETE event : /root/testdir/netconsole  2014-06-13 17:46:38.022903
INFO:root:DELETE event : /root/testdir/netfs  2014-06-13 17:46:38.022993
INFO:root:DELETE event : /root/testdir/network  2014-06-13 17:46:38.023083
INFO:root:DELETE event : /root/testdir/nfs  2014-06-13 17:46:38.023185
INFO:root:DELETE event : /root/testdir/nfslock  2014-06-13 17:46:38.023273
INFO:root:DELETE event : /root/testdir/rdisc  2014-06-13 17:46:38.023679
INFO:root:DELETE event : /root/testdir/restorecond  2014-06-13 17:46:38.023770
INFO:root:DELETE event : /root/testdir/rpcbind  2014-06-13 17:46:38.023859
INFO:root:DELETE event : /root/testdir/rpcgssd  2014-06-13 17:46:38.023947
INFO:root:DELETE event : /root/testdir/rpcidmapd  2014-06-13 17:46:38.024034
INFO:root:DELETE event : /root/testdir/rpcsvcgssd  2014-06-13 17:46:38.024134
INFO:root:DELETE event : /root/testdir/rsyslog  2014-06-13 17:46:38.024238
INFO:root:DELETE event : /root/testdir/sandbox  2014-06-13 17:46:38.024632
INFO:root:DELETE event : /root/testdir/single  2014-06-13 17:46:38.024726
INFO:root:DELETE event : /root/testdir/sshd  2014-06-13 17:46:38.024815
INFO:root:DELETE event : /root/testdir/udev-post  2014-06-13 17:46:38.024904
INFO:root:2014-06-13 17:47:26.309291 CREATE event : /root/testdir/auditd
INFO:root:2014-06-13 17:47:26.321013 CREATE event : /root/testdir/cgconfig
INFO:root:2014-06-13 17:47:26.326446 CREATE event : /root/testdir/cgred
INFO:root:2014-06-13 17:47:26.332517 CREATE event : /root/testdir/fcoe
INFO:root:2014-06-13 17:47:26.349082 CREATE event : /root/testdir/functions
INFO:root:2014-06-13 17:47:26.355746 CREATE event : /root/testdir/halt
INFO:root:2014-06-13 17:47:26.360949 CREATE event : /root/testdir/ip6tables
INFO:root:2014-06-13 17:47:26.366019 CREATE event : /root/testdir/iptables
INFO:root:2014-06-13 17:47:26.371317 CREATE event : /root/testdir/iscsi
INFO:root:2014-06-13 17:47:26.376482 CREATE event : /root/testdir/iscsid
INFO:root:2014-06-13 17:47:26.382984 CREATE event : /root/testdir/killall
INFO:root:2014-06-13 17:47:26.388221 CREATE event : /root/testdir/lldpad
INFO:root:2014-06-13 17:47:26.394314 CREATE event : /root/testdir/lvm2-lvmetad
INFO:root:2014-06-13 17:47:26.399312 CREATE event : /root/testdir/lvm2-monitor
INFO:root:2014-06-13 17:47:26.404317 CREATE event : /root/testdir/mongod
INFO:root:2014-06-13 17:47:26.410903 CREATE event : /root/testdir/multipathd
INFO:root:2014-06-13 17:47:26.415966 CREATE event : /root/testdir/mysqld
INFO:root:2014-06-13 17:47:26.421683 CREATE event : /root/testdir/netconsole
INFO:root:2014-06-13 17:47:26.427032 CREATE event : /root/testdir/netfs
INFO:root:2014-06-13 17:47:26.432641 CREATE event : /root/testdir/network
INFO:root:2014-06-13 17:47:26.437694 CREATE event : /root/testdir/nfs
INFO:root:2014-06-13 17:47:26.443572 CREATE event : /root/testdir/nfslock
INFO:root:2014-06-13 17:47:26.449941 CREATE event : /root/testdir/rdisc
INFO:root:2014-06-13 17:47:26.475764 CREATE event : /root/testdir/restorecond
INFO:root:2014-06-13 17:47:26.481966 CREATE event : /root/testdir/rpcbind
INFO:root:2014-06-13 17:47:26.486883 CREATE event : /root/testdir/rpcgssd
INFO:root:2014-06-13 17:47:26.492267 CREATE event : /root/testdir/rpcidmapd
INFO:root:2014-06-13 17:47:26.497314 CREATE event : /root/testdir/rpcsvcgssd
INFO:root:2014-06-13 17:47:26.502330 CREATE event : /root/testdir/rsyslog
INFO:root:2014-06-13 17:47:26.509456 CREATE event : /root/testdir/sandbox
INFO:root:2014-06-13 17:47:26.513967 CREATE event : /root/testdir/single
INFO:root:2014-06-13 17:47:26.519489 CREATE event : /root/testdir/sshd
INFO:root:2014-06-13 17:47:26.524956 CREATE event : /root/testdir/udev-post
